INFO [auth::token] [2021-07-03T13:36:11.615888+09:00][INFO][24319 main][auth::token][Some("shared/auth/src/token/mod.rs")][Some(41)] token path: /Users/kazuki/Library/Preferences/TabNine/tabnine.token
WARN [auth::user] [2021-07-03T13:36:11.619619+09:00][WARN][24319 main][auth::user][Some("shared/auth/src/user/mod.rs")][Some(419)] No user token available: No such file or directory (os error 2)
INFO [TabNine::main_utils] [2021-07-03T13:36:11.621451+09:00][INFO][24319 main][TabNine::main_utils][Some("tabnine/frontend/src/main_utils.rs")][Some(182)] /Users/kazuki/Library/Application Support/Code - Insiders/User/globalStorage/tabnine.tabnine-vscode/binaries/3.5.13/x86_64-apple-darwin/TabNine --client=vscode --no-lsp=true --log-file-path=$HOME/.vscodefiles-24174 --client-metadata clientVersion=1.58.0-insider pluginVersion=3.4.12 t9-vscode-AutoImportEnabled=true t9-vscode-TSAutoImportEnabled=true t9-vscode-JSAutoImportEnabled=true vscode-telemetry-enabled=true vscode-remote=false vscode-remote-name=undefined vscode-extension-kind=1 vscode-theme-name=gruvboxConcoctis dark hard vscode-theme-kind=Dark vscode-machine-id=fa738ff70e5625b71746d51f2ff5571ab896707edda25caddfcd8579d8868fcb vscode-is-new-app-install=false vscode-session-id=a68e5994-6451-45e8-ad05-ef728d2a87561625286967852 vscode-language=en vscode-app-name=Visual Studio Code - Insiders vscode-beta-channel-enabled=true vscode-status-customization=unknown ide-restart-counter=0
INFO [watchdog_api::wd_client] [2021-07-03T13:36:11.686231+09:00][INFO][24319 main][watchdog_api::wd_client][Some("shared/wd_api/src/wd_client.rs")][Some(74)] Initializing watchdog client...
INFO [watchdog_api::wd_client] [2021-07-03T13:36:11.699237+09:00][INFO][24319 main][watchdog_api::wd_client][Some("shared/wd_api/src/wd_client.rs")][Some(216)] Starting watchdog...
INFO [watchdog_api::wd_client] [2021-07-03T13:36:11.709325+09:00][INFO][24319 bs_main_autobarker][watchdog_api::wd_client][Some("shared/wd_api/src/wd_client.rs")][Some(216)] Starting watchdog...
INFO [TabNine::bootstrap_support] [2021-07-03T13:36:11.711832+09:00][INFO][24319 bootstrapper_main_run_loop][TabNine::bootstrap_support][Some("tabnine/frontend/src/bootstrap_support.rs")][Some(200)] trying to start tabnine version Some("3.5.13")
INFO [TabNine::bootstrap_support] [2021-07-03T13:36:11.711995+09:00][INFO][24319 bootstrapper_main_run_loop][TabNine::bootstrap_support][Some("tabnine/frontend/src/bootstrap_support.rs")][Some(291)] spawning tabnine with args ["/Users/kazuki/Library/Application Support/Code - Insiders/User/globalStorage/tabnine.tabnine-vscode/binaries/3.5.13/x86_64-apple-darwin/TabNine", "--client=vscode", "--no-lsp=true", "--log-file-path=$HOME/.vscodefiles-24174", "--client-metadata", "clientVersion=1.58.0-insider", "pluginVersion=3.4.12", "t9-vscode-AutoImportEnabled=true", "t9-vscode-TSAutoImportEnabled=true", "t9-vscode-JSAutoImportEnabled=true", "vscode-telemetry-enabled=true", "vscode-remote=false", "vscode-remote-name=undefined", "vscode-extension-kind=1", "vscode-theme-name=gruvboxConcoctis dark hard", "vscode-theme-kind=Dark", "vscode-machine-id=fa738ff70e5625b71746d51f2ff5571ab896707edda25caddfcd8579d8868fcb", "vscode-is-new-app-install=false", "vscode-session-id=a68e5994-6451-45e8-ad05-ef728d2a87561625286967852", "vscode-language=en", "vscode-app-name=Visual Studio Code - Insiders", "vscode-beta-channel-enabled=true", "vscode-status-customization=unknown", "ide-restart-counter=0", "--no_bootstrap"]
INFO [TabNine::bootstrap_support] [2021-07-03T13:36:11.712572+09:00][INFO][24319 bootstrapper_main_run_loop][TabNine::bootstrap_support][Some("tabnine/frontend/src/bootstrap_support.rs")][Some(295)] started tabnine process pid 24331 version Some("3.5.13"), desired version was Some("3.5.13") this version is Some("3.5.13")
INFO [auth::token] [2021-07-03T13:36:11.724865+09:00][INFO][24331 main][auth::token][Some("shared/auth/src/token/mod.rs")][Some(41)] token path: /Users/kazuki/Library/Preferences/TabNine/tabnine.token
WARN [auth::user] [2021-07-03T13:36:11.726269+09:00][WARN][24331 main][auth::user][Some("shared/auth/src/user/mod.rs")][Some(419)] No user token available: No such file or directory (os error 2)
INFO [TabNine::main_utils] [2021-07-03T13:36:11.726401+09:00][INFO][24331 main][TabNine::main_utils][Some("tabnine/frontend/src/main_utils.rs")][Some(182)] /Users/kazuki/Library/Application Support/Code - Insiders/User/globalStorage/tabnine.tabnine-vscode/binaries/3.5.13/x86_64-apple-darwin/TabNine --client=vscode --no-lsp=true --log-file-path=$HOME/.vscodefiles-24174 --client-metadata clientVersion=1.58.0-insider pluginVersion=3.4.12 t9-vscode-AutoImportEnabled=true t9-vscode-TSAutoImportEnabled=true t9-vscode-JSAutoImportEnabled=true vscode-telemetry-enabled=true vscode-remote=false vscode-remote-name=undefined vscode-extension-kind=1 vscode-theme-name=gruvboxConcoctis dark hard vscode-theme-kind=Dark vscode-machine-id=fa738ff70e5625b71746d51f2ff5571ab896707edda25caddfcd8579d8868fcb vscode-is-new-app-install=false vscode-session-id=a68e5994-6451-45e8-ad05-ef728d2a87561625286967852 vscode-language=en vscode-app-name=Visual Studio Code - Insiders vscode-beta-channel-enabled=true vscode-status-customization=unknown ide-restart-counter=0 --no_bootstrap
INFO [watchdog_api::wd_client] [2021-07-03T13:36:11.726757+09:00][INFO][24331 main][watchdog_api::wd_client][Some("shared/wd_api/src/wd_client.rs")][Some(74)] Initializing watchdog client...
INFO [watchdog_api::wd_client] [2021-07-03T13:36:11.731592+09:00][INFO][24331 main][watchdog_api::wd_client][Some("shared/wd_api/src/wd_client.rs")][Some(216)] Starting watchdog...
INFO [frontend] [2021-07-03T13:36:11.734363+09:00][INFO][24331 main][frontend][Some("tabnine/frontend/src/lib.rs")][Some(82)] LSP disabled
INFO [process_setup::command_ext] [2021-07-03T13:36:11.770334+09:00][INFO][24331 watchdog spawning][process_setup::command_ext][Some("shared/process_setup/src/command_ext.rs")][Some(24)] child exited with status exit status: 0
INFO [process_setup::command_ext] [2021-07-03T13:36:11.770362+09:00][INFO][24319 watchdog spawning][process_setup::command_ext][Some("shared/process_setup/src/command_ext.rs")][Some(24)] child exited with status exit status: 0
DEBUG [server::in_app_messaging] [2021-07-03T13:36:11.919495+09:00][DEBUG][24331 main][server::in_app_messaging][Some("tabnine/server/src/in_app_messaging.rs")][Some(28)] registering in app message analytics handler
INFO [lunar_connection] [2021-07-03T13:36:11.947379+09:00][INFO][24331 lunar settings update thread (Remote)][lunar_connection][Some("tabnine/lunar_connection/src/lib.rs")][Some(514)] lunar settings update thread started (Remote)
INFO [lunar_connection] [2021-07-03T13:36:11.947400+09:00][INFO][24331 lunar settings update thread (Local)][lunar_connection][Some("tabnine/lunar_connection/src/lib.rs")][Some(514)] lunar settings update thread started (Local)
INFO [lunar_connection] [2021-07-03T13:36:11.947430+09:00][INFO][24331 model hash update thread][lunar_connection][Some("tabnine/lunar_connection/src/lib.rs")][Some(627)] model hash updater starting
INFO [lunar_connection] [2021-07-03T13:36:11.966315+09:00][INFO][24331 lunar settings update thread (Local)][lunar_connection][Some("tabnine/lunar_connection/src/lib.rs")][Some(520)] lunar settings update thread exiting (Local)
INFO [lunar_connection] [2021-07-03T13:36:11.966297+09:00][INFO][24331 lunar settings update thread (Remote)][lunar_connection][Some("tabnine/lunar_connection/src/lib.rs")][Some(520)] lunar settings update thread exiting (Remote)
INFO [frontend::initialize] [2021-07-03T13:36:11.947763+09:00][INFO][24331 main][frontend::initialize][Some("tabnine/frontend/src/initialize.rs")][Some(6)] Started.
INFO [auth::token] [2021-07-03T13:36:12.005792+09:00][INFO][24340 main][auth::token][Some("shared/auth/src/token/mod.rs")][Some(41)] token path: /Users/kazuki/Library/Preferences/TabNine/tabnine.token
WARN [auth::user] [2021-07-03T13:36:12.010827+09:00][WARN][24340 main][auth::user][Some("shared/auth/src/user/mod.rs")][Some(419)] No user token available: No such file or directory (os error 2)
INFO [lunar_local::private_model] [2021-07-03T13:36:12.011024+09:00][INFO][24340 main][lunar_local::private_model][Some("deep/lunar_local/src/private_model/mod.rs")][Some(67)] No private model found
INFO [lunar_local::private_model] [2021-07-03T13:36:12.011318+09:00][INFO][24340 private model manager][lunar_local::private_model][Some("deep/lunar_local/src/private_model/mod.rs")][Some(87)] Starting private model update thread
INFO [lunar_local::private_model] [2021-07-03T13:36:12.011348+09:00][INFO][24340 private model manager][lunar_local::private_model][Some("deep/lunar_local/src/private_model/mod.rs")][Some(97)] Checking if private model changed
INFO [watchdog_api::wd_client] [2021-07-03T13:36:12.015654+09:00][INFO][24340 main][watchdog_api::wd_client][Some("shared/wd_api/src/wd_client.rs")][Some(74)] Initializing watchdog client...
ERROR [lunar_local::private_model] [2021-07-03T13:36:12.018069+09:00][ERROR][24340 private model manager][lunar_local::private_model][Some("deep/lunar_local/src/private_model/mod.rs")][Some(193)] Failed to remove private models from cache: No such file or directory (os error 2)
INFO [lunar_endpoints::local::server] [2021-07-03T13:36:12.039717+09:00][INFO][24340 Local Connections Acceptor][lunar_endpoints::local::server][Some("deep/lunar_endpoints/src/local/server.rs")][Some(98)] Got new local client connection 127.0.0.1:49361
INFO [lunar_local::bridge] [2021-07-03T13:36:12.142117+09:00][INFO][24340 local-forwarder][lunar_local::bridge][Some("deep/lunar_local/src/bridge.rs")][Some(128)] TabNine Local communication thread started.
INFO [lunar_local::bridge] [2021-07-03T13:36:12.142864+09:00][INFO][24340 local-forwarder][lunar_local::bridge][Some("deep/lunar_local/src/bridge.rs")][Some(95)] Loading model...
INFO [lunar_local::downloader] [2021-07-03T13:36:12.143718+09:00][INFO][24340 local-forwarder][lunar_local::downloader][Some("deep/lunar_local/src/downloader.rs")][Some(141)] Starting download (last_failure=None).
INFO [lunar_local::downloader] [2021-07-03T13:36:12.145411+09:00][INFO][24340 metadata-updater][lunar_local::downloader][Some("deep/lunar_local/src/downloader.rs")][Some(771)] Checking for metadata update in background...
INFO [lunar_local::downloader] [2021-07-03T13:36:12.145442+09:00][INFO][24340 local-forwarder][lunar_local::downloader][Some("deep/lunar_local/src/downloader.rs")][Some(183)] Attempting to load deep model (attempt: #1)
INFO [lunar_local::downloader] [2021-07-03T13:36:12.145934+09:00][INFO][24340 local-forwarder][lunar_local::downloader][Some("deep/lunar_local/src/downloader.rs")][Some(324)] Trying to load cached model from "/Users/kazuki/Library/Application Support/TabNine/models/ce94127b.tabninemodel"
INFO [bootstrapper::bootstrapper_lib] [2021-07-03T13:36:12.822076+09:00][INFO][24319 bootstrapper_main_run_loop][bootstrapper::bootstrapper_lib][Some("tabnine/bootstrapper/src/bootstrapper_lib.rs")][Some(256)] current version is Some(Version { major: 3, minor: 5, patch: 13, pre: [], build: [] }), spawned version is Some(Version { major: 3, minor: 5, patch: 13, pre: [], build: [] }), remote version is Version { major: 3, minor: 5, patch: 13, pre: [], build: [] }
INFO [bootstrapper::bootstrapper_lib] [2021-07-03T13:36:12.825210+09:00][INFO][24319 bootstrapper_main_run_loop][bootstrapper::bootstrapper_lib][Some("tabnine/bootstrapper/src/bootstrapper_lib.rs")][Some(328)] don't need to upgrade
INFO [lunar_local::downloader] [2021-07-03T13:36:13.586178+09:00][INFO][24340 metadata-updater][lunar_local::downloader][Some("deep/lunar_local/src/downloader.rs")][Some(241)] Downloaded model metadata [hash=ce94127b].
INFO [lunar_local::bridge] [2021-07-03T13:36:14.063244+09:00][INFO][24340 local-forwarder][lunar_local::bridge][Some("deep/lunar_local/src/bridge.rs")][Some(99)] Done loading model (took 1.92 seconds).
INFO [lunar_local::tune] [2021-07-03T13:36:14.581773+09:00][INFO][24340 local-forwarder][lunar_local::tune][Some("deep/lunar_local/src/tune.rs")][Some(26)] Selected 1 beams.
INFO [lunar_local::tune] [2021-07-03T13:36:14.805886+09:00][INFO][24340 local-forwarder][lunar_local::tune][Some("deep/lunar_local/src/tune.rs")][Some(28)] Selected context length of 128.
INFO [TabNine] [2021-07-03T13:36:28.969030+09:00][INFO][24331 main][TabNine][Some("tabnine/frontend/src/main.rs")][Some(264)] exiting....
INFO [TabNine::bootstrap_support] [2021-07-03T13:36:29.762865+09:00][INFO][24319 bs_monitor][TabNine::bootstrap_support][Some("tabnine/frontend/src/bootstrap_support.rs")][Some(329)] child process 24331 exited...
INFO [lunar_endpoints::local::server] [2021-07-03T13:36:31.411360+09:00][INFO][24340 Local Connections Acceptor][lunar_endpoints::local::server][Some("deep/lunar_endpoints/src/local/server.rs")][Some(98)] Got new local client connection 127.0.0.1:49386
